<?xml version="1.0" encoding="UTF-8"?>
<testng-results skipped="0" failed="0" total="2" passed="2">
  <reporter-output>
  </reporter-output>
  <suite name="Default suite" duration-ms="12488" started-at="2022-10-17T06:46:40Z" finished-at="2022-10-17T06:46:52Z">
    <groups>
    </groups>
    <test name="Default test" duration-ms="12488" started-at="2022-10-17T06:46:40Z" finished-at="2022-10-17T06:46:52Z">
      <class name="com.inetbanking.testcases.Tc_LoginTest_001">
        <test-method status="PASS" signature="Setup()[pri:0, instance:com.inetbanking.testcases.Tc_LoginTest_001@64bf3bbf]" name="Setup" is-config="true" duration-ms="2550" started-at="2022-10-17T12:16:40Z" finished-at="2022-10-17T12:16:42Z">
          <reporter-output>
          </reporter-output>
        </test-method> <!-- Setup -->
        <test-method status="PASS" signature="anotherLoginTest()[pri:0, instance:com.inetbanking.testcases.Tc_LoginTest_001@64bf3bbf]" name="anotherLoginTest" duration-ms="5886" started-at="2022-10-17T12:16:42Z" finished-at="2022-10-17T12:16:48Z">
          <reporter-output>
          </reporter-output>
        </test-method> <!-- anotherLoginTest -->
        <test-method status="PASS" signature="loginTest()[pri:0, instance:com.inetbanking.testcases.Tc_LoginTest_001@64bf3bbf]" name="loginTest" duration-ms="3372" started-at="2022-10-17T12:16:48Z" finished-at="2022-10-17T12:16:52Z">
          <reporter-output>
          </reporter-output>
        </test-method> <!-- loginTest -->
        <test-method status="PASS" signature="tearDown()[pri:0, instance:com.inetbanking.testcases.Tc_LoginTest_001@64bf3bbf]" name="tearDown" is-config="true" duration-ms="671" started-at="2022-10-17T12:16:52Z" finished-at="2022-10-17T12:16:52Z">
          <reporter-output>
          </reporter-output>
        </test-method> <!-- tearDown -->
      </class> <!-- com.inetbanking.testcases.Tc_LoginTest_001 -->
    </test> <!-- Default test -->
  </suite> <!-- Default suite -->
</testng-results>
